<?xml version="1.0" encoding="UTF-8"?>
<!-- Generated by org.testng.reporters.JUnitReportReporter -->
<testsuite hostname="DESKTOP-18BP1P8" failures="0" tests="1" name="Sample.Percy_Sample_Project.App" time="4.476" errors="0" timestamp="2022-10-21T11:23:19 IST" skipped="0">
  <testcase classname="Sample.Percy_Sample_Project.App" name="test" time="4.476"/>
  <system-out/>
</testsuite> <!-- Sample.Percy_Sample_Project.App -->
